<?xml version="1.0" encoding="UTF-8"?><testsuite errors="0" failures="0" name="MySerenityJUnitArchetypeG.features.search.SearchByKeywordStory" skipped="1" tests="5" time="29.97" timestamp="2019-05-08T10:47:00.791108+03:00[Europe/Bucharest]"><testcase classname="MySerenityJUnitArchetypeG.features.search.SearchByKeywordStory" name="Searching by keyword car should display the corresponding article"/><testcase classname="MySerenityJUnitArchetypeG.features.search.SearchByKeywordStory" name="Searching by keyword spaceship should display the corresponding article"/><testcase classname="MySerenityJUnitArchetypeG.features.search.SearchByKeywordStory" name="Searching by keyword banana should display the corresponding article"/><testcase classname="MySerenityJUnitArchetypeG.features.search.SearchByKeywordStory" name="Searching by ambiguious keyword should display the disambiguation page"><skipped/></testcase><testcase classname="MySerenityJUnitArchetypeG.features.search.SearchByKeywordStory" name="Searching by keyword apple should display the corresponding article"/></testsuite>